Arguments: 
  /Users/deer/.nvm/versions/node/v12.13.0/bin/node /usr/local/bin/yarn install

PATH: 
  /Users/deer/.pyenv/shims:/usr/local/opt/icu4c/sbin:/usr/local/opt/icu4c/bin:/Users/deer/.pyenv/plugins/pyenv-virtualenv/shims:/Users/deer/.pyenv/shims:/shims:/Users/deer/.nvm/versions/node/v12.13.0/bin:/Users/deer/.pyenv/plugins/pyenv-virtualenv/shims:/Library/Java/JavaVirtualMachines/jdk1.8.0_66.jdk/Contents/Home/bin:/usr/local/bin:/usr/bin:/bin:/usr/sbin:/sbin:/usr/local/aria2/bin:/Users/deer/.pyenv/shims:/usr/local/opt/icu4c/sbin:/usr/local/opt/icu4c/bin:/Users/deer/.pyenv/plugins/pyenv-virtualenv/shims:/shims:/Library/Java/JavaVirtualMachines/jdk1.8.0_66.jdk/Contents/Home/bin:/usr/local/sbin:/Users/deer/java/apache-maven-3.5.2/bin:/Users/deer/Tony/go/bin:/usr/local/sbin:/Users/deer/java/apache-maven-3.5.2/bin:/Users/deer/Tony/go/bin

Yarn version: 
  0.16.1

Node version: 
  12.13.0

Platform: 
  darwin x64

npm manifest: 
  {
    "name": "opennewwindow",
  	"displayName": "OpenNewWindow",
  	"description": "quick open folder in new windows",
  	"version": "0.0.1",
  	"engines": {
  		"vscode": "^1.48.0"
  	},
  	"categories": [
  		"Other"
  	],
  	"activationEvents": [
          "onCommand:opennewwindow.helloWorld"
  	],
  	"main": "./out/extension.js",
  	"contributes": {
  		"commands": [
  			{
  				"command": "opennewwindow.helloWorld",
  				"title": "Hello World"
  			}
  		]
  	},
  	"scripts": {
  		"vscode:prepublish": "yarn run compile",
  		"compile": "tsc -p ./",
  		"lint": "eslint src --ext ts",
  		"watch": "tsc -watch -p ./",
  		"pretest": "yarn run compile && yarn run lint",
  		"test": "node ./out/test/runTest.js"
  	},
  	"devDependencies": {
  		"@types/vscode": "^1.48.0",
  		"@types/glob": "^7.1.3",
  		"@types/mocha": "^8.0.0",
  		"@types/node": "^14.0.27",
  		"eslint": "^7.6.0",
  		"@typescript-eslint/eslint-plugin": "^3.8.0",
  		"@typescript-eslint/parser": "^3.8.0",
  		"glob": "^7.1.6",
  		"mocha": "^8.0.1",
  		"typescript": "^3.8.3",
  		"vscode-test": "^1.4.0"
  	}
  }

yarn manifest: 
  No manifest

bower manifest: 
  No manifest

Lockfile: 
  No lockfile

Trace: 
  Error: connect ETIMEDOUT 10.10.152.203:4873
      at TCPConnectWrap.afterConnect [as oncomplete] (net.js:1128:14)
